<?xml version="1.0" encoding="UTF-8"?>
<!-- Generated by org.testng.reporters.JUnitReportReporter -->
<testsuite hostname="LGVN11808" name="TestNGOnePack.Form_Submit" tests="1" failures="0" timestamp="16 May 2016 07:50:22 GMT" time="4.229" errors="0">
  <testcase name="LogIn_Test" time="4.229" classname="TestNGOnePack.Form_Submit"/>
</testsuite> <!-- TestNGOnePack.Form_Submit -->
