<?xml version="1.0" encoding="UTF-8"?>
<!-- Generated by org.testng.reporters.JUnitReportReporter -->
<testsuite hostname="LGVN11808" name="TestNGOnePack.TestLog4J" tests="1" failures="0" timestamp="20 Jun 2016 08:18:14 GMT" time="0.099" errors="0">
  <testcase name="test" time="0.099" classname="TestNGOnePack.TestLog4J"/>
</testsuite> <!-- TestNGOnePack.TestLog4J -->
