<?xml version="1.0" encoding="UTF-8"?>
<!-- Generated by org.testng.reporters.JUnitReportReporter -->
<testsuite hostname="LGVN11808" name="TestNGOnePack.HandleWindows" tests="1" failures="0" timestamp="14 Jun 2016 03:29:43 GMT" time="39.263" errors="0">
  <testcase name="Test" time="39.263" classname="TestNGOnePack.HandleWindows"/>
</testsuite> <!-- TestNGOnePack.HandleWindows -->
