<?xml version="1.0" encoding="UTF-8"?>
<!-- Generated by org.testng.reporters.JUnitReportReporter -->
<testsuite hostname="LGVN11808" name="TestNGOnePack.Sample_Login" tests="1" failures="0" timestamp="4 May 2016 04:16:18 GMT" time="20.982" errors="0">
  <testcase name="test" time="20.982" classname="TestNGOnePack.Sample_Login"/>
</testsuite> <!-- TestNGOnePack.Sample_Login -->
