<?xml version="1.0" encoding="UTF-8"?>
<!-- Generated by org.testng.reporters.JUnitReportReporter -->
<testsuite hostname="LGVN11808" name="TestNGOnePack.GetPageTitle" tests="1" failures="0" timestamp="18 May 2016 06:45:51 GMT" time="19.867" errors="0">
  <testcase name="Test" time="19.867" classname="TestNGOnePack.GetPageTitle"/>
</testsuite> <!-- TestNGOnePack.GetPageTitle -->
