<?xml version="1.0" encoding="UTF-8"?>
<!-- Generated by org.testng.reporters.JUnitReportReporter -->
<testsuite hostname="LGVN11808" name="TestNGOnePack.DiferenceofFindElement_and_FindElements" tests="1" failures="0" timestamp="15 Jun 2016 05:06:53 GMT" time="3.143" errors="0">
  <testcase name="testaaaaa" time="3.143" classname="TestNGOnePack.DiferenceofFindElement_and_FindElements"/>
</testsuite> <!-- TestNGOnePack.DiferenceofFindElement_and_FindElements -->
