<?xml version="1.0" encoding="UTF-8"?>
<!-- Generated by org.testng.reporters.JUnitReportReporter -->
<testsuite hostname="LGVN11808" name="TestNGOnePack.TimeSheet" tests="1" failures="0" timestamp="20 May 2016 08:52:53 GMT" time="25.413" errors="0">
  <testcase name="SubmitTimeSheet" time="25.413" classname="TestNGOnePack.TimeSheet"/>
</testsuite> <!-- TestNGOnePack.TimeSheet -->
