<?xml version="1.0" encoding="UTF-8"?>
<!-- Generated by org.testng.reporters.JUnitReportReporter -->
<testsuite hostname="Dat" name="TestNGOnePack.ClassOne" tests="1" failures="0" timestamp="3 May 2016 08:59:41 GMT" time="0.092" errors="0">
  <testcase name="testmethodone" time="0.092" classname="TestNGOnePack.ClassOne"/>
</testsuite> <!-- TestNGOnePack.ClassOne -->
