<?xml version="1.0" encoding="UTF-8"?>
<!-- Generated by org.testng.reporters.JUnitReportReporter -->
<testsuite hostname="LGVN11808" name="TestNGOnePack.SelectListItem" tests="1" failures="0" timestamp="10 Jun 2016 04:49:53 GMT" time="0.806" errors="0">
  <testcase name="navigatefunc" time="0.806" classname="TestNGOnePack.SelectListItem"/>
</testsuite> <!-- TestNGOnePack.SelectListItem -->
