<?xml version="1.0" encoding="UTF-8"?>
<!-- Generated by org.testng.reporters.JUnitReportReporter -->
<testsuite hostname="LGVN11808" name="TestNGOnePack.PageLoad" tests="1" failures="0" timestamp="18 May 2016 10:28:41 GMT" time="2.516" errors="0">
  <testcase name="test" time="2.516" classname="TestNGOnePack.PageLoad"/>
</testsuite> <!-- TestNGOnePack.PageLoad -->
