<?xml version="1.0" encoding="UTF-8"?>
<!-- Generated by org.testng.reporters.JUnitReportReporter -->
<testsuite hostname="Dat" name="TestNGOnePack.Sample_Login" tests="4" failures="0" timestamp="3 May 2016 17:08:16 GMT" time="20.142" errors="0">
  <testcase name="Login_Test" time="5.633" classname="TestNGOnePack.Sample_Login"/>
  <testcase name="Login_Test" time="2.308" classname="TestNGOnePack.Sample_Login"/>
  <testcase name="Login_Test" time="6.618" classname="TestNGOnePack.Sample_Login"/>
  <testcase name="Login_Test" time="5.583" classname="TestNGOnePack.Sample_Login"/>
</testsuite> <!-- TestNGOnePack.Sample_Login -->
