<?xml version="1.0" encoding="UTF-8"?>
<!-- Generated by org.testng.reporters.JUnitReportReporter -->
<testsuite hostname="LGVN11808" name="TestNGOnePack.SelectListItem" tests="1" failures="0" timestamp="31 May 2016 04:28:25 GMT" time="10.214" errors="0">
  <testcase name="navigatefunc" time="10.214" classname="TestNGOnePack.SelectListItem"/>
</testsuite> <!-- TestNGOnePack.SelectListItem -->
